ARM GAS  C:\Users\MANISH~1\AppData\Local\Temp\ccD7qBUs.s 			page 1


   1              		.cpu cortex-m0
   2              		.fpu softvfp
   3              		.eabi_attribute 20, 1
   4              		.eabi_attribute 21, 1
   5              		.eabi_attribute 23, 3
   6              		.eabi_attribute 24, 1
   7              		.eabi_attribute 25, 1
   8              		.eabi_attribute 26, 1
   9              		.eabi_attribute 30, 6
  10              		.eabi_attribute 34, 0
  11              		.eabi_attribute 18, 4
  12              		.code	16
  13              		.file	"main.c"
  14              		.text
  15              	.Ltext0:
  16              		.cfi_sections	.debug_frame
  17              		.section	.text.main,"ax",%progbits
  18              		.align	2
  19              		.global	main
  20              		.code	16
  21              		.thumb_func
  22              		.type	main, %function
  23              	main:
  24              	.LFB35:
  25              		.file 1 ".\\main.c"
   1:.\main.c      **** /* ========================================
   2:.\main.c      ****  *
   3:.\main.c      ****  * Copyright YOUR COMPANY, THE YEAR
   4:.\main.c      ****  * All Rights Reserved
   5:.\main.c      ****  * UNPUBLISHED, LICENSED SOFTWARE.
   6:.\main.c      ****  *
   7:.\main.c      ****  * CONFIDENTIAL AND PROPRIETARY INFORMATION
   8:.\main.c      ****  * WHICH IS THE PROPERTY OF your company.
   9:.\main.c      ****  *
  10:.\main.c      ****  * ========================================
  11:.\main.c      **** */
  12:.\main.c      **** #include <project.h>
  13:.\main.c      **** 
  14:.\main.c      **** int main()
  15:.\main.c      **** {
  26              		.loc 1 15 0
  27              		.cfi_startproc
  28 0000 80B5     		push	{r7, lr}
  29              		.cfi_def_cfa_offset 8
  30              		.cfi_offset 7, -8
  31              		.cfi_offset 14, -4
  32 0002 00AF     		add	r7, sp, #0
  33              		.cfi_def_cfa_register 7
  34              	.L2:
  16:.\main.c      ****     /* Place your initialization/startup code here (e.g. MyInst_Start()) */
  17:.\main.c      **** 
  18:.\main.c      ****     /* CyGlobalIntEnable; */ /* Uncomment this line to enable global interrupts. */
  19:.\main.c      ****     for(;;)
  20:.\main.c      ****     {
  21:.\main.c      ****         /* Place your application code here. */
  22:.\main.c      ****             Pin_LED_Write(~Pin_LED_Read());
  35              		.loc 1 22 0 discriminator 1
ARM GAS  C:\Users\MANISH~1\AppData\Local\Temp\ccD7qBUs.s 			page 2


  36 0004 FFF7FEFF 		bl	Pin_LED_Read
  37 0008 031C     		mov	r3, r0
  38 000a DB43     		mvn	r3, r3
  39 000c DBB2     		uxtb	r3, r3
  40 000e 181C     		mov	r0, r3
  41 0010 FFF7FEFF 		bl	Pin_LED_Write
  23:.\main.c      ****         CyDelay(100);
  42              		.loc 1 23 0 discriminator 1
  43 0014 6420     		mov	r0, #100
  44 0016 FFF7FEFF 		bl	CyDelay
  24:.\main.c      ****     }
  45              		.loc 1 24 0 discriminator 1
  46 001a F3E7     		b	.L2
  47              		.cfi_endproc
  48              	.LFE35:
  49              		.size	main, .-main
  50              		.text
  51              	.Letext0:
  52              		.section	.debug_info,"",%progbits
  53              	.Ldebug_info0:
  54 0000 99000000 		.4byte	0x99
  55 0004 0400     		.2byte	0x4
  56 0006 00000000 		.4byte	.Ldebug_abbrev0
  57 000a 04       		.byte	0x4
  58 000b 01       		.uleb128 0x1
  59 000c 4F000000 		.4byte	.LASF13
  60 0010 01       		.byte	0x1
  61 0011 5B010000 		.4byte	.LASF14
  62 0015 17010000 		.4byte	.LASF15
  63 0019 00000000 		.4byte	.Ldebug_ranges0+0
  64 001d 00000000 		.4byte	0
  65 0021 00000000 		.4byte	.Ldebug_line0
  66 0025 02       		.uleb128 0x2
  67 0026 01       		.byte	0x1
  68 0027 06       		.byte	0x6
  69 0028 0B010000 		.4byte	.LASF0
  70 002c 02       		.uleb128 0x2
  71 002d 01       		.byte	0x1
  72 002e 08       		.byte	0x8
  73 002f CB000000 		.4byte	.LASF1
  74 0033 02       		.uleb128 0x2
  75 0034 02       		.byte	0x2
  76 0035 05       		.byte	0x5
  77 0036 E7000000 		.4byte	.LASF2
  78 003a 02       		.uleb128 0x2
  79 003b 02       		.byte	0x2
  80 003c 07       		.byte	0x7
  81 003d F8000000 		.4byte	.LASF3
  82 0041 02       		.uleb128 0x2
  83 0042 04       		.byte	0x4
  84 0043 05       		.byte	0x5
  85 0044 DE000000 		.4byte	.LASF4
  86 0048 02       		.uleb128 0x2
  87 0049 04       		.byte	0x4
  88 004a 07       		.byte	0x7
  89 004b 20000000 		.4byte	.LASF5
  90 004f 02       		.uleb128 0x2
ARM GAS  C:\Users\MANISH~1\AppData\Local\Temp\ccD7qBUs.s 			page 3


  91 0050 08       		.byte	0x8
  92 0051 05       		.byte	0x5
  93 0052 00000000 		.4byte	.LASF6
  94 0056 02       		.uleb128 0x2
  95 0057 08       		.byte	0x8
  96 0058 07       		.byte	0x7
  97 0059 32000000 		.4byte	.LASF7
  98 005d 03       		.uleb128 0x3
  99 005e 04       		.byte	0x4
 100 005f 05       		.byte	0x5
 101 0060 696E7400 		.ascii	"int\000"
 102 0064 02       		.uleb128 0x2
 103 0065 04       		.byte	0x4
 104 0066 07       		.byte	0x7
 105 0067 0E000000 		.4byte	.LASF8
 106 006b 02       		.uleb128 0x2
 107 006c 04       		.byte	0x4
 108 006d 04       		.byte	0x4
 109 006e 49000000 		.4byte	.LASF9
 110 0072 02       		.uleb128 0x2
 111 0073 08       		.byte	0x8
 112 0074 04       		.byte	0x4
 113 0075 F1000000 		.4byte	.LASF10
 114 0079 02       		.uleb128 0x2
 115 007a 01       		.byte	0x1
 116 007b 08       		.byte	0x8
 117 007c D9000000 		.4byte	.LASF11
 118 0080 02       		.uleb128 0x2
 119 0081 04       		.byte	0x4
 120 0082 07       		.byte	0x7
 121 0083 64010000 		.4byte	.LASF12
 122 0087 04       		.uleb128 0x4
 123 0088 1B000000 		.4byte	.LASF16
 124 008c 01       		.byte	0x1
 125 008d 0E       		.byte	0xe
 126 008e 5D000000 		.4byte	0x5d
 127 0092 00000000 		.4byte	.LFB35
 128 0096 1C000000 		.4byte	.LFE35-.LFB35
 129 009a 01       		.uleb128 0x1
 130 009b 9C       		.byte	0x9c
 131 009c 00       		.byte	0
 132              		.section	.debug_abbrev,"",%progbits
 133              	.Ldebug_abbrev0:
 134 0000 01       		.uleb128 0x1
 135 0001 11       		.uleb128 0x11
 136 0002 01       		.byte	0x1
 137 0003 25       		.uleb128 0x25
 138 0004 0E       		.uleb128 0xe
 139 0005 13       		.uleb128 0x13
 140 0006 0B       		.uleb128 0xb
 141 0007 03       		.uleb128 0x3
 142 0008 0E       		.uleb128 0xe
 143 0009 1B       		.uleb128 0x1b
 144 000a 0E       		.uleb128 0xe
 145 000b 55       		.uleb128 0x55
 146 000c 17       		.uleb128 0x17
 147 000d 11       		.uleb128 0x11
ARM GAS  C:\Users\MANISH~1\AppData\Local\Temp\ccD7qBUs.s 			page 4


 148 000e 01       		.uleb128 0x1
 149 000f 10       		.uleb128 0x10
 150 0010 17       		.uleb128 0x17
 151 0011 00       		.byte	0
 152 0012 00       		.byte	0
 153 0013 02       		.uleb128 0x2
 154 0014 24       		.uleb128 0x24
 155 0015 00       		.byte	0
 156 0016 0B       		.uleb128 0xb
 157 0017 0B       		.uleb128 0xb
 158 0018 3E       		.uleb128 0x3e
 159 0019 0B       		.uleb128 0xb
 160 001a 03       		.uleb128 0x3
 161 001b 0E       		.uleb128 0xe
 162 001c 00       		.byte	0
 163 001d 00       		.byte	0
 164 001e 03       		.uleb128 0x3
 165 001f 24       		.uleb128 0x24
 166 0020 00       		.byte	0
 167 0021 0B       		.uleb128 0xb
 168 0022 0B       		.uleb128 0xb
 169 0023 3E       		.uleb128 0x3e
 170 0024 0B       		.uleb128 0xb
 171 0025 03       		.uleb128 0x3
 172 0026 08       		.uleb128 0x8
 173 0027 00       		.byte	0
 174 0028 00       		.byte	0
 175 0029 04       		.uleb128 0x4
 176 002a 2E       		.uleb128 0x2e
 177 002b 00       		.byte	0
 178 002c 3F       		.uleb128 0x3f
 179 002d 19       		.uleb128 0x19
 180 002e 03       		.uleb128 0x3
 181 002f 0E       		.uleb128 0xe
 182 0030 3A       		.uleb128 0x3a
 183 0031 0B       		.uleb128 0xb
 184 0032 3B       		.uleb128 0x3b
 185 0033 0B       		.uleb128 0xb
 186 0034 49       		.uleb128 0x49
 187 0035 13       		.uleb128 0x13
 188 0036 11       		.uleb128 0x11
 189 0037 01       		.uleb128 0x1
 190 0038 12       		.uleb128 0x12
 191 0039 06       		.uleb128 0x6
 192 003a 40       		.uleb128 0x40
 193 003b 18       		.uleb128 0x18
 194 003c 9642     		.uleb128 0x2116
 195 003e 19       		.uleb128 0x19
 196 003f 00       		.byte	0
 197 0040 00       		.byte	0
 198 0041 00       		.byte	0
 199              		.section	.debug_aranges,"",%progbits
 200 0000 1C000000 		.4byte	0x1c
 201 0004 0200     		.2byte	0x2
 202 0006 00000000 		.4byte	.Ldebug_info0
 203 000a 04       		.byte	0x4
 204 000b 00       		.byte	0
ARM GAS  C:\Users\MANISH~1\AppData\Local\Temp\ccD7qBUs.s 			page 5


 205 000c 0000     		.2byte	0
 206 000e 0000     		.2byte	0
 207 0010 00000000 		.4byte	.LFB35
 208 0014 1C000000 		.4byte	.LFE35-.LFB35
 209 0018 00000000 		.4byte	0
 210 001c 00000000 		.4byte	0
 211              		.section	.debug_ranges,"",%progbits
 212              	.Ldebug_ranges0:
 213 0000 00000000 		.4byte	.LFB35
 214 0004 1C000000 		.4byte	.LFE35
 215 0008 00000000 		.4byte	0
 216 000c 00000000 		.4byte	0
 217              		.section	.debug_line,"",%progbits
 218              	.Ldebug_line0:
 219 0000 43000000 		.section	.debug_str,"MS",%progbits,1
 219      02001F00 
 219      00000201 
 219      FB0E0D00 
 219      01010101 
 220              	.LASF6:
 221 0000 6C6F6E67 		.ascii	"long long int\000"
 221      206C6F6E 
 221      6720696E 
 221      7400
 222              	.LASF8:
 223 000e 756E7369 		.ascii	"unsigned int\000"
 223      676E6564 
 223      20696E74 
 223      00
 224              	.LASF16:
 225 001b 6D61696E 		.ascii	"main\000"
 225      00
 226              	.LASF5:
 227 0020 6C6F6E67 		.ascii	"long unsigned int\000"
 227      20756E73 
 227      69676E65 
 227      6420696E 
 227      7400
 228              	.LASF7:
 229 0032 6C6F6E67 		.ascii	"long long unsigned int\000"
 229      206C6F6E 
 229      6720756E 
 229      7369676E 
 229      65642069 
 230              	.LASF9:
 231 0049 666C6F61 		.ascii	"float\000"
 231      7400
 232              	.LASF13:
 233 004f 474E5520 		.ascii	"GNU C 4.8.4 20140526 (release) [ARM/embedded-4_8-br"
 233      4320342E 
 233      382E3420 
 233      32303134 
 233      30353236 
 234 0082 616E6368 		.ascii	"anch revision 211358] -mcpu=cortex-m0 -mthumb -g -O"
 234      20726576 
 234      6973696F 
 234      6E203231 
ARM GAS  C:\Users\MANISH~1\AppData\Local\Temp\ccD7qBUs.s 			page 6


 234      31333538 
 235 00b5 30202D66 		.ascii	"0 -ffunction-sections\000"
 235      66756E63 
 235      74696F6E 
 235      2D736563 
 235      74696F6E 
 236              	.LASF1:
 237 00cb 756E7369 		.ascii	"unsigned char\000"
 237      676E6564 
 237      20636861 
 237      7200
 238              	.LASF11:
 239 00d9 63686172 		.ascii	"char\000"
 239      00
 240              	.LASF4:
 241 00de 6C6F6E67 		.ascii	"long int\000"
 241      20696E74 
 241      00
 242              	.LASF2:
 243 00e7 73686F72 		.ascii	"short int\000"
 243      7420696E 
 243      7400
 244              	.LASF10:
 245 00f1 646F7562 		.ascii	"double\000"
 245      6C6500
 246              	.LASF3:
 247 00f8 73686F72 		.ascii	"short unsigned int\000"
 247      7420756E 
 247      7369676E 
 247      65642069 
 247      6E7400
 248              	.LASF0:
 249 010b 7369676E 		.ascii	"signed char\000"
 249      65642063 
 249      68617200 
 250              	.LASF15:
 251 0117 433A5C55 		.ascii	"C:\\Users\\Manisha Goyal\\Desktop\\embedded\\Design"
 251      73657273 
 251      5C4D616E 
 251      69736861 
 251      20476F79 
 252 0145 5F4C4544 		.ascii	"_LED\\Design_LED.cydsn\000"
 252      5C446573 
 252      69676E5F 
 252      4C45442E 
 252      63796473 
 253              	.LASF14:
 254 015b 2E5C6D61 		.ascii	".\\main.c\000"
 254      696E2E63 
 254      00
 255              	.LASF12:
 256 0164 73697A65 		.ascii	"sizetype\000"
 256      74797065 
 256      00
 257              		.ident	"GCC: (GNU Tools for ARM Embedded Processors) 4.8.4 20140526 (release) [ARM/embedded-4_8-br
